<?xml version="1.0" encoding="UTF-8"?>
<testsuite xmlns:xsi="http://www.w3.org/2001/XMLSchema-instance" xsi:noNamespaceSchemaLocation="https://maven.apache.org/surefire/maven-surefire-plugin/xsd/surefire-test-report-3.0.xsd" version="3.0" name="com.izaanschool.IzaanSchoolAPITest" time="5.786" tests="1" errors="0" skipped="0" failures="0">
  <properties>
    <property name="sun.desktop" value="windows"/>
    <property name="awt.toolkit" value="sun.awt.windows.WToolkit"/>
    <property name="file.encoding.pkg" value="sun.io"/>
    <property name="java.specification.version" value="1.8"/>
    <property name="sun.cpu.isalist" value="amd64"/>
    <property name="sun.jnu.encoding" value="Cp1252"/>
    <property name="java.class.path" value="D:\DevOps\APITestingBDDApproach\target\test-classes;D:\DevOps\APITestingBDDApproach\target\classes;C:\Users\ala12\.m2\repository\org\testng\testng\7.4.0\testng-7.4.0.jar;C:\Users\ala12\.m2\repository\com\beust\jcommander\1.78\jcommander-1.78.jar;C:\Users\ala12\.m2\repository\org\webjars\jquery\3.5.1\jquery-3.5.1.jar;C:\Users\ala12\.m2\repository\junit\junit\4.11\junit-4.11.jar;C:\Users\ala12\.m2\repository\org\hamcrest\hamcrest-core\1.3\hamcrest-core-1.3.jar;C:\Users\ala12\.m2\repository\software\amazon\awssdk\s3\2.17.32\s3-2.17.32.jar;C:\Users\ala12\.m2\repository\software\amazon\awssdk\aws-xml-protocol\2.17.32\aws-xml-protocol-2.17.32.jar;C:\Users\ala12\.m2\repository\software\amazon\awssdk\protocol-core\2.17.32\protocol-core-2.17.32.jar;C:\Users\ala12\.m2\repository\software\amazon\awssdk\arns\2.17.32\arns-2.17.32.jar;C:\Users\ala12\.m2\repository\software\amazon\awssdk\profiles\2.17.32\profiles-2.17.32.jar;C:\Users\ala12\.m2\repository\software\amazon\awssdk\sdk-core\2.17.32\sdk-core-2.17.32.jar;C:\Users\ala12\.m2\repository\org\slf4j\slf4j-api\1.7.30\slf4j-api-1.7.30.jar;C:\Users\ala12\.m2\repository\org\reactivestreams\reactive-streams\1.0.3\reactive-streams-1.0.3.jar;C:\Users\ala12\.m2\repository\software\amazon\awssdk\auth\2.17.32\auth-2.17.32.jar;C:\Users\ala12\.m2\repository\software\amazon\awssdk\json-utils\2.17.32\json-utils-2.17.32.jar;C:\Users\ala12\.m2\repository\software\amazon\eventstream\eventstream\1.0.1\eventstream-1.0.1.jar;C:\Users\ala12\.m2\repository\software\amazon\awssdk\http-client-spi\2.17.32\http-client-spi-2.17.32.jar;C:\Users\ala12\.m2\repository\software\amazon\awssdk\regions\2.17.32\regions-2.17.32.jar;C:\Users\ala12\.m2\repository\software\amazon\awssdk\annotations\2.17.32\annotations-2.17.32.jar;C:\Users\ala12\.m2\repository\software\amazon\awssdk\utils\2.17.32\utils-2.17.32.jar;C:\Users\ala12\.m2\repository\software\amazon\awssdk\aws-core\2.17.32\aws-core-2.17.32.jar;C:\Users\ala12\.m2\repository\software\amazon\awssdk\metrics-spi\2.17.32\metrics-spi-2.17.32.jar;C:\Users\ala12\.m2\repository\software\amazon\awssdk\apache-client\2.17.32\apache-client-2.17.32.jar;C:\Users\ala12\.m2\repository\org\apache\httpcomponents\httpcore\4.4.11\httpcore-4.4.11.jar;C:\Users\ala12\.m2\repository\software\amazon\awssdk\netty-nio-client\2.17.32\netty-nio-client-2.17.32.jar;C:\Users\ala12\.m2\repository\io\netty\netty-codec-http\4.1.66.Final\netty-codec-http-4.1.66.Final.jar;C:\Users\ala12\.m2\repository\io\netty\netty-codec-http2\4.1.66.Final\netty-codec-http2-4.1.66.Final.jar;C:\Users\ala12\.m2\repository\io\netty\netty-codec\4.1.66.Final\netty-codec-4.1.66.Final.jar;C:\Users\ala12\.m2\repository\io\netty\netty-transport\4.1.66.Final\netty-transport-4.1.66.Final.jar;C:\Users\ala12\.m2\repository\io\netty\netty-resolver\4.1.66.Final\netty-resolver-4.1.66.Final.jar;C:\Users\ala12\.m2\repository\io\netty\netty-common\4.1.66.Final\netty-common-4.1.66.Final.jar;C:\Users\ala12\.m2\repository\io\netty\netty-buffer\4.1.66.Final\netty-buffer-4.1.66.Final.jar;C:\Users\ala12\.m2\repository\io\netty\netty-handler\4.1.66.Final\netty-handler-4.1.66.Final.jar;C:\Users\ala12\.m2\repository\io\netty\netty-transport-native-epoll\4.1.66.Final\netty-transport-native-epoll-4.1.66.Final-linux-x86_64.jar;C:\Users\ala12\.m2\repository\io\netty\netty-transport-native-unix-common\4.1.66.Final\netty-transport-native-unix-common-4.1.66.Final.jar;C:\Users\ala12\.m2\repository\com\typesafe\netty\netty-reactive-streams-http\2.0.5\netty-reactive-streams-http-2.0.5.jar;C:\Users\ala12\.m2\repository\com\typesafe\netty\netty-reactive-streams\2.0.5\netty-reactive-streams-2.0.5.jar;C:\Users\ala12\.m2\repository\org\apache\logging\log4j\log4j-core\2.19.0\log4j-core-2.19.0.jar;C:\Users\ala12\.m2\repository\org\apache\logging\log4j\log4j-api\2.19.0\log4j-api-2.19.0.jar;C:\Users\ala12\.m2\repository\io\rest-assured\rest-assured\5.3.0\rest-assured-5.3.0.jar;C:\Users\ala12\.m2\repository\org\apache\groovy\groovy\4.0.6\groovy-4.0.6.jar;C:\Users\ala12\.m2\repository\org\apache\groovy\groovy-xml\4.0.6\groovy-xml-4.0.6.jar;C:\Users\ala12\.m2\repository\org\apache\httpcomponents\httpclient\4.5.13\httpclient-4.5.13.jar;C:\Users\ala12\.m2\repository\commons-logging\commons-logging\1.2\commons-logging-1.2.jar;C:\Users\ala12\.m2\repository\commons-codec\commons-codec\1.11\commons-codec-1.11.jar;C:\Users\ala12\.m2\repository\org\apache\httpcomponents\httpmime\4.5.13\httpmime-4.5.13.jar;C:\Users\ala12\.m2\repository\org\hamcrest\hamcrest\2.1\hamcrest-2.1.jar;C:\Users\ala12\.m2\repository\org\ccil\cowan\tagsoup\tagsoup\1.2.1\tagsoup-1.2.1.jar;C:\Users\ala12\.m2\repository\io\rest-assured\json-path\5.3.0\json-path-5.3.0.jar;C:\Users\ala12\.m2\repository\org\apache\groovy\groovy-json\4.0.6\groovy-json-4.0.6.jar;C:\Users\ala12\.m2\repository\io\rest-assured\rest-assured-common\5.3.0\rest-assured-common-5.3.0.jar;C:\Users\ala12\.m2\repository\io\rest-assured\xml-path\5.3.0\xml-path-5.3.0.jar;C:\Users\ala12\.m2\repository\com\amazonaws\aws-lambda-java-core\1.2.0\aws-lambda-java-core-1.2.0.jar;C:\Users\ala12\.m2\repository\software\amazon\awssdk\lambda\2.17.32\lambda-2.17.32.jar;C:\Users\ala12\.m2\repository\software\amazon\awssdk\aws-json-protocol\2.17.32\aws-json-protocol-2.17.32.jar;C:\Users\ala12\.m2\repository\software\amazon\awssdk\third-party-jackson-core\2.17.32\third-party-jackson-core-2.17.32.jar;C:\Users\ala12\.m2\repository\software\amazon\awssdk\codepipeline\2.17.32\codepipeline-2.17.32.jar;C:\Users\ala12\.m2\repository\org\apache\maven\shared\maven-invoker\3.0.1\maven-invoker-3.0.1.jar;C:\Users\ala12\.m2\repository\org\apache\maven\shared\maven-shared-utils\3.2.1\maven-shared-utils-3.2.1.jar;C:\Users\ala12\.m2\repository\org\codehaus\plexus\plexus-component-annotations\1.7.1\plexus-component-annotations-1.7.1.jar;C:\Users\ala12\.m2\repository\com\fasterxml\jackson\core\jackson-databind\2.12.3\jackson-databind-2.12.3.jar;C:\Users\ala12\.m2\repository\com\fasterxml\jackson\core\jackson-annotations\2.12.3\jackson-annotations-2.12.3.jar;C:\Users\ala12\.m2\repository\com\fasterxml\jackson\core\jackson-core\2.12.3\jackson-core-2.12.3.jar;C:\Users\ala12\.m2\repository\com\google\code\gson\gson\2.8.5\gson-2.8.5.jar;C:\Users\ala12\.m2\repository\software\amazon\awssdk\cloudwatchlogs\2.16.99\cloudwatchlogs-2.16.99.jar;C:\Users\ala12\.m2\repository\software\amazon\awssdk\ses\2.17.65\ses-2.17.65.jar;C:\Users\ala12\.m2\repository\software\amazon\awssdk\aws-query-protocol\2.17.65\aws-query-protocol-2.17.65.jar;C:\Users\ala12\.m2\repository\commons-io\commons-io\2.11.0\commons-io-2.11.0.jar;C:\Users\ala12\.m2\repository\com\github\javafaker\javafaker\1.0.2\javafaker-1.0.2.jar;C:\Users\ala12\.m2\repository\org\apache\commons\commons-lang3\3.5\commons-lang3-3.5.jar;C:\Users\ala12\.m2\repository\org\yaml\snakeyaml\1.23\snakeyaml-1.23-android.jar;C:\Users\ala12\.m2\repository\com\github\mifmif\generex\1.0.2\generex-1.0.2.jar;C:\Users\ala12\.m2\repository\dk\brics\automaton\automaton\1.11-8\automaton-1.11-8.jar;"/>
    <property name="java.vm.vendor" value="Oracle Corporation"/>
    <property name="sun.arch.data.model" value="64"/>
    <property name="user.variant" value=""/>
    <property name="java.vendor.url" value="http://java.oracle.com/"/>
    <property name="user.timezone" value="America/Chicago"/>
    <property name="java.vm.specification.version" value="1.8"/>
    <property name="os.name" value="Windows 10"/>
    <property name="user.country" value="US"/>
    <property name="sun.java.launcher" value="SUN_STANDARD"/>
    <property name="sun.boot.library.path" value="C:\Program Files\Java\jdk1.8.0_291\jre\bin"/>
    <property name="sun.java.command" value="C:\Users\ala12\AppData\Local\Temp\surefire2776607334639888049\surefirebooter6594716229954088036.jar C:\Users\ala12\AppData\Local\Temp\surefire2776607334639888049 2023-06-18T09-00-46_359-jvmRun1 surefire13248301784957606tmp surefire_0418138432912916587tmp"/>
    <property name="surefire.test.class.path" value="D:\DevOps\APITestingBDDApproach\target\test-classes;D:\DevOps\APITestingBDDApproach\target\classes;C:\Users\ala12\.m2\repository\org\testng\testng\7.4.0\testng-7.4.0.jar;C:\Users\ala12\.m2\repository\com\beust\jcommander\1.78\jcommander-1.78.jar;C:\Users\ala12\.m2\repository\org\webjars\jquery\3.5.1\jquery-3.5.1.jar;C:\Users\ala12\.m2\repository\junit\junit\4.11\junit-4.11.jar;C:\Users\ala12\.m2\repository\org\hamcrest\hamcrest-core\1.3\hamcrest-core-1.3.jar;C:\Users\ala12\.m2\repository\software\amazon\awssdk\s3\2.17.32\s3-2.17.32.jar;C:\Users\ala12\.m2\repository\software\amazon\awssdk\aws-xml-protocol\2.17.32\aws-xml-protocol-2.17.32.jar;C:\Users\ala12\.m2\repository\software\amazon\awssdk\protocol-core\2.17.32\protocol-core-2.17.32.jar;C:\Users\ala12\.m2\repository\software\amazon\awssdk\arns\2.17.32\arns-2.17.32.jar;C:\Users\ala12\.m2\repository\software\amazon\awssdk\profiles\2.17.32\profiles-2.17.32.jar;C:\Users\ala12\.m2\repository\software\amazon\awssdk\sdk-core\2.17.32\sdk-core-2.17.32.jar;C:\Users\ala12\.m2\repository\org\slf4j\slf4j-api\1.7.30\slf4j-api-1.7.30.jar;C:\Users\ala12\.m2\repository\org\reactivestreams\reactive-streams\1.0.3\reactive-streams-1.0.3.jar;C:\Users\ala12\.m2\repository\software\amazon\awssdk\auth\2.17.32\auth-2.17.32.jar;C:\Users\ala12\.m2\repository\software\amazon\awssdk\json-utils\2.17.32\json-utils-2.17.32.jar;C:\Users\ala12\.m2\repository\software\amazon\eventstream\eventstream\1.0.1\eventstream-1.0.1.jar;C:\Users\ala12\.m2\repository\software\amazon\awssdk\http-client-spi\2.17.32\http-client-spi-2.17.32.jar;C:\Users\ala12\.m2\repository\software\amazon\awssdk\regions\2.17.32\regions-2.17.32.jar;C:\Users\ala12\.m2\repository\software\amazon\awssdk\annotations\2.17.32\annotations-2.17.32.jar;C:\Users\ala12\.m2\repository\software\amazon\awssdk\utils\2.17.32\utils-2.17.32.jar;C:\Users\ala12\.m2\repository\software\amazon\awssdk\aws-core\2.17.32\aws-core-2.17.32.jar;C:\Users\ala12\.m2\repository\software\amazon\awssdk\metrics-spi\2.17.32\metrics-spi-2.17.32.jar;C:\Users\ala12\.m2\repository\software\amazon\awssdk\apache-client\2.17.32\apache-client-2.17.32.jar;C:\Users\ala12\.m2\repository\org\apache\httpcomponents\httpcore\4.4.11\httpcore-4.4.11.jar;C:\Users\ala12\.m2\repository\software\amazon\awssdk\netty-nio-client\2.17.32\netty-nio-client-2.17.32.jar;C:\Users\ala12\.m2\repository\io\netty\netty-codec-http\4.1.66.Final\netty-codec-http-4.1.66.Final.jar;C:\Users\ala12\.m2\repository\io\netty\netty-codec-http2\4.1.66.Final\netty-codec-http2-4.1.66.Final.jar;C:\Users\ala12\.m2\repository\io\netty\netty-codec\4.1.66.Final\netty-codec-4.1.66.Final.jar;C:\Users\ala12\.m2\repository\io\netty\netty-transport\4.1.66.Final\netty-transport-4.1.66.Final.jar;C:\Users\ala12\.m2\repository\io\netty\netty-resolver\4.1.66.Final\netty-resolver-4.1.66.Final.jar;C:\Users\ala12\.m2\repository\io\netty\netty-common\4.1.66.Final\netty-common-4.1.66.Final.jar;C:\Users\ala12\.m2\repository\io\netty\netty-buffer\4.1.66.Final\netty-buffer-4.1.66.Final.jar;C:\Users\ala12\.m2\repository\io\netty\netty-handler\4.1.66.Final\netty-handler-4.1.66.Final.jar;C:\Users\ala12\.m2\repository\io\netty\netty-transport-native-epoll\4.1.66.Final\netty-transport-native-epoll-4.1.66.Final-linux-x86_64.jar;C:\Users\ala12\.m2\repository\io\netty\netty-transport-native-unix-common\4.1.66.Final\netty-transport-native-unix-common-4.1.66.Final.jar;C:\Users\ala12\.m2\repository\com\typesafe\netty\netty-reactive-streams-http\2.0.5\netty-reactive-streams-http-2.0.5.jar;C:\Users\ala12\.m2\repository\com\typesafe\netty\netty-reactive-streams\2.0.5\netty-reactive-streams-2.0.5.jar;C:\Users\ala12\.m2\repository\org\apache\logging\log4j\log4j-core\2.19.0\log4j-core-2.19.0.jar;C:\Users\ala12\.m2\repository\org\apache\logging\log4j\log4j-api\2.19.0\log4j-api-2.19.0.jar;C:\Users\ala12\.m2\repository\io\rest-assured\rest-assured\5.3.0\rest-assured-5.3.0.jar;C:\Users\ala12\.m2\repository\org\apache\groovy\groovy\4.0.6\groovy-4.0.6.jar;C:\Users\ala12\.m2\repository\org\apache\groovy\groovy-xml\4.0.6\groovy-xml-4.0.6.jar;C:\Users\ala12\.m2\repository\org\apache\httpcomponents\httpclient\4.5.13\httpclient-4.5.13.jar;C:\Users\ala12\.m2\repository\commons-logging\commons-logging\1.2\commons-logging-1.2.jar;C:\Users\ala12\.m2\repository\commons-codec\commons-codec\1.11\commons-codec-1.11.jar;C:\Users\ala12\.m2\repository\org\apache\httpcomponents\httpmime\4.5.13\httpmime-4.5.13.jar;C:\Users\ala12\.m2\repository\org\hamcrest\hamcrest\2.1\hamcrest-2.1.jar;C:\Users\ala12\.m2\repository\org\ccil\cowan\tagsoup\tagsoup\1.2.1\tagsoup-1.2.1.jar;C:\Users\ala12\.m2\repository\io\rest-assured\json-path\5.3.0\json-path-5.3.0.jar;C:\Users\ala12\.m2\repository\org\apache\groovy\groovy-json\4.0.6\groovy-json-4.0.6.jar;C:\Users\ala12\.m2\repository\io\rest-assured\rest-assured-common\5.3.0\rest-assured-common-5.3.0.jar;C:\Users\ala12\.m2\repository\io\rest-assured\xml-path\5.3.0\xml-path-5.3.0.jar;C:\Users\ala12\.m2\repository\com\amazonaws\aws-lambda-java-core\1.2.0\aws-lambda-java-core-1.2.0.jar;C:\Users\ala12\.m2\repository\software\amazon\awssdk\lambda\2.17.32\lambda-2.17.32.jar;C:\Users\ala12\.m2\repository\software\amazon\awssdk\aws-json-protocol\2.17.32\aws-json-protocol-2.17.32.jar;C:\Users\ala12\.m2\repository\software\amazon\awssdk\third-party-jackson-core\2.17.32\third-party-jackson-core-2.17.32.jar;C:\Users\ala12\.m2\repository\software\amazon\awssdk\codepipeline\2.17.32\codepipeline-2.17.32.jar;C:\Users\ala12\.m2\repository\org\apache\maven\shared\maven-invoker\3.0.1\maven-invoker-3.0.1.jar;C:\Users\ala12\.m2\repository\org\apache\maven\shared\maven-shared-utils\3.2.1\maven-shared-utils-3.2.1.jar;C:\Users\ala12\.m2\repository\org\codehaus\plexus\plexus-component-annotations\1.7.1\plexus-component-annotations-1.7.1.jar;C:\Users\ala12\.m2\repository\com\fasterxml\jackson\core\jackson-databind\2.12.3\jackson-databind-2.12.3.jar;C:\Users\ala12\.m2\repository\com\fasterxml\jackson\core\jackson-annotations\2.12.3\jackson-annotations-2.12.3.jar;C:\Users\ala12\.m2\repository\com\fasterxml\jackson\core\jackson-core\2.12.3\jackson-core-2.12.3.jar;C:\Users\ala12\.m2\repository\com\google\code\gson\gson\2.8.5\gson-2.8.5.jar;C:\Users\ala12\.m2\repository\software\amazon\awssdk\cloudwatchlogs\2.16.99\cloudwatchlogs-2.16.99.jar;C:\Users\ala12\.m2\repository\software\amazon\awssdk\ses\2.17.65\ses-2.17.65.jar;C:\Users\ala12\.m2\repository\software\amazon\awssdk\aws-query-protocol\2.17.65\aws-query-protocol-2.17.65.jar;C:\Users\ala12\.m2\repository\commons-io\commons-io\2.11.0\commons-io-2.11.0.jar;C:\Users\ala12\.m2\repository\com\github\javafaker\javafaker\1.0.2\javafaker-1.0.2.jar;C:\Users\ala12\.m2\repository\org\apache\commons\commons-lang3\3.5\commons-lang3-3.5.jar;C:\Users\ala12\.m2\repository\org\yaml\snakeyaml\1.23\snakeyaml-1.23-android.jar;C:\Users\ala12\.m2\repository\com\github\mifmif\generex\1.0.2\generex-1.0.2.jar;C:\Users\ala12\.m2\repository\dk\brics\automaton\automaton\1.11-8\automaton-1.11-8.jar;"/>
    <property name="sun.cpu.endian" value="little"/>
    <property name="user.home" value="C:\Users\ala12"/>
    <property name="user.language" value="en"/>
    <property name="java.specification.vendor" value="Oracle Corporation"/>
    <property name="java.home" value="C:\Program Files\Java\jdk1.8.0_291\jre"/>
    <property name="basedir" value="D:\DevOps\APITestingBDDApproach"/>
    <property name="file.separator" value="\"/>
    <property name="line.separator" value="&#10;"/>
    <property name="java.vm.specification.vendor" value="Oracle Corporation"/>
    <property name="java.specification.name" value="Java Platform API Specification"/>
    <property name="java.awt.graphicsenv" value="sun.awt.Win32GraphicsEnvironment"/>
    <property name="surefire.real.class.path" value="C:\Users\ala12\AppData\Local\Temp\surefire2776607334639888049\surefirebooter6594716229954088036.jar"/>
    <property name="sun.boot.class.path" value="C:\Program Files\Java\jdk1.8.0_291\jre\lib\resources.jar;C:\Program Files\Java\jdk1.8.0_291\jre\lib\rt.jar;C:\Program Files\Java\jdk1.8.0_291\jre\lib\sunrsasign.jar;C:\Program Files\Java\jdk1.8.0_291\jre\lib\jsse.jar;C:\Program Files\Java\jdk1.8.0_291\jre\lib\jce.jar;C:\Program Files\Java\jdk1.8.0_291\jre\lib\charsets.jar;C:\Program Files\Java\jdk1.8.0_291\jre\lib\jfr.jar;C:\Program Files\Java\jdk1.8.0_291\jre\classes"/>
    <property name="user.script" value=""/>
    <property name="sun.management.compiler" value="HotSpot 64-Bit Tiered Compilers"/>
    <property name="java.runtime.version" value="1.8.0_291-b10"/>
    <property name="user.name" value="ala12"/>
    <property name="path.separator" value=";"/>
    <property name="os.version" value="10.0"/>
    <property name="java.endorsed.dirs" value="C:\Program Files\Java\jdk1.8.0_291\jre\lib\endorsed"/>
    <property name="java.runtime.name" value="Java(TM) SE Runtime Environment"/>
    <property name="file.encoding" value="Cp1252"/>
    <property name="java.vm.name" value="Java HotSpot(TM) 64-Bit Server VM"/>
    <property name="localRepository" value="C:\Users\ala12\.m2\repository"/>
    <property name="java.vendor.url.bug" value="http://bugreport.sun.com/bugreport/"/>
    <property name="java.io.tmpdir" value="C:\Users\ala12\AppData\Local\Temp\"/>
    <property name="java.version" value="1.8.0_291"/>
    <property name="user.dir" value="D:\DevOps\APITestingBDDApproach"/>
    <property name="os.arch" value="amd64"/>
    <property name="java.vm.specification.name" value="Java Virtual Machine Specification"/>
    <property name="java.awt.printerjob" value="sun.awt.windows.WPrinterJob"/>
    <property name="sun.os.patch.level" value=""/>
    <property name="java.library.path" value="C:\Program Files\Java\jdk1.8.0_291\jre\bin;C:\WINDOWS\Sun\Java\bin;C:\WINDOWS\system32;C:\WINDOWS;C:\Python38\Scripts\;C:\Python38\;C:\WINDOWS\system32;C:\WINDOWS;C:\WINDOWS\System32\Wbem;C:\WINDOWS\System32\WindowsPowerShell\v1.0\;C:\WINDOWS\System32\OpenSSH\;C:\Program Files\Java\jdk1.8.0_291\bin;C:\Program Files\Git\cmd;C:\ProgramData\chocolatey\bin;C:\Program Files\PostgreSQL\10\bin;C:\Program Files\Maven\apache-maven-3.8.1\bin;C:\Users\ala12\AppData\Local\Android\Sdk\tools\bin;C:\Users\ala12\AppData\Local\Android\Sdk\tools;C:\Users\ala12\AppData\Local\Android\Sdk\platform-tools;C:\Program Files (x86)\node_modules\npm\bin;C:\Program Files\Amazon\AWSCLIV2\;C:\Program Files (x86)\;C:\Users\ala12\AppData\Roaming\Python\Python38\Scripts;C:\Program Files\MySQL\MySQL Shell 8.0\bin\;C:\Users\ala12\eclipse\java-latest-released\eclipse\jdk-11.0.8\bin;C:\Users\ala12\AppData\Local\Programs\Microsoft VS Code\bin;C:\Program Files\heroku\bin;C:\Users\ala12\AppData\Roaming\npm;."/>
    <property name="java.vm.info" value="mixed mode"/>
    <property name="java.vendor" value="Oracle Corporation"/>
    <property name="java.vm.version" value="25.291-b10"/>
    <property name="java.ext.dirs" value="C:\Program Files\Java\jdk1.8.0_291\jre\lib\ext;C:\WINDOWS\Sun\Java\lib\ext"/>
    <property name="sun.io.unicode.encoding" value="UnicodeLittle"/>
    <property name="java.class.version" value="52.0"/>
  </properties>
  <testcase name="submitStatusTest on submitStatusTest(com.izaanschool.IzaanSchoolAPITest)" classname="com.izaanschool.IzaanSchoolAPITest" time="4.97">
    <system-out><![CDATA[test ran -You are Minor.
]]></system-out>
  </testcase>
</testsuite>