<?xml version="1.0" encoding="UTF-8"?>
<!-- Generated by org.testng.reporters.JUnitReportReporter -->
<testsuite skipped="0" hostname="DESKTOP-3MLRAML" name="handler.DummyAPITest" tests="1" failures="0" timestamp="2023-06-16T15:31:50 CDT" time="8.824" errors="0">
  <testcase name="testAddPlaceGoogleApi" time="8.824" classname="handler.DummyAPITest"/>
  <system-out/>
</testsuite> <!-- handler.DummyAPITest -->
