<?xml version="1.0" encoding="UTF-8"?>
<!-- Generated by org.testng.reporters.JUnitReportReporter -->
<testsuite skipped="0" hostname="DESKTOP-3MLRAML" name="handler.DummyAPITest" tests="1" failures="0" timestamp="2023-06-17T00:32:06 CDT" time="5.587" errors="0">
  <testcase name="testAddPlaceGoogleApi" time="5.587" classname="handler.DummyAPITest"/>
  <system-out/>
</testsuite> <!-- handler.DummyAPITest -->
